<?xml version="1.0" encoding="UTF-8"?>
<!-- Generated by org.testng.reporters.JUnitReportReporter -->
<testsuite hostname="Akshesh.local" failures="0" tests="1" name="GopiAssessment.test.AppiumSetup" time="1.293" errors="0" timestamp="2025-05-08T12:01:34 PDT" skipped="0">
  <testcase classname="GopiAssessment.test.AppiumSetup" name="verifyCountryListTitle" time="1.293"/>
</testsuite> <!-- GopiAssessment.test.AppiumSetup -->
