<?xml version="1.0" encoding="UTF-8"?>
<!-- Generated by org.testng.reporters.JUnitReportReporter -->
<testsuite hostname="Akshesh.local" failures="0" tests="4" name="GopiAssessment.test.CountryList" time="28.173" errors="0" timestamp="2025-05-09T00:07:54 PDT" skipped="0">
  <testcase classname="GopiAssessment.test.CountryList" name="verifyCountryListTitle" time="1.595"/>
  <testcase classname="GopiAssessment.test.CountryList" name="verifySearchIcon" time="0.943"/>
  <testcase classname="GopiAssessment.test.CountryList" name="verifyCountryListItems" time="20.008"/>
  <testcase classname="GopiAssessment.test.CountryList" name="clickOnCountry" time="5.627"/>
</testsuite> <!-- GopiAssessment.test.CountryList -->
